Prochlorococcus marinus	Laribacter hongkongensis	0
Prochlorococcus marinus	Enterococcus casseliflavus	0
Prochlorococcus marinus	Phascolarctobacterium succinatutens	0
Prochlorococcus marinus	Frankia sp.	0
Prochlorococcus marinus	Candidatus Desulforudis	0
Prochlorococcus marinus	Candidatus Tremblaya	0
Prochlorococcus marinus	Macrococcus caseolyticus	0
Prochlorococcus marinus	Bacteroides salanitronis	0
Prochlorococcus marinus	Ferrimonas balearica	0
Prochlorococcus marinus	Conexibacter woesei	0
Prochlorococcus marinus	Eubacterium dolichum	0
Prochlorococcus marinus	Kordia algicida	0
Prochlorococcus marinus	Anaplasma centrale	0
Prochlorococcus marinus	Lactococcus lactis	0
Prochlorococcus marinus	Lactobacillus iners	0
Prochlorococcus marinus	Salmonella enterica	0
Prochlorococcus marinus	Brachyspira pilosicoli	0
Prochlorococcus marinus	Streptococcus gallolyticus	0
Prochlorococcus marinus	Methanococcus voltae	0
Prochlorococcus marinus	Clostridium sp.	0
Prochlorococcus marinus	Alkaliphilus metalliredigens	0
Prochlorococcus marinus	Turicibacter sanguinis	0
Prochlorococcus marinus	Rickettsia endosymbiont	0
Prochlorococcus marinus	Thalassiobium sp.	29
Prochlorococcus marinus	Leptospira interrogans	0
Prochlorococcus marinus	Desulfovibrio alaskensis	0
Prochlorococcus marinus	Candidatus Amoebophilus	0
Prochlorococcus marinus	Desulfovibrio piger	0
Prochlorococcus marinus	Pseudomonas stutzeri	0
Prochlorococcus marinus	Cyanothece sp.	1
Prochlorococcus marinus	Helicobacter pylori	0
Prochlorococcus marinus	gamma proteobacterium	0
Prochlorococcus marinus	Roseburia hominis	0
Prochlorococcus marinus	Neisseria subflava	0
Prochlorococcus marinus	Rhodopseudomonas palustris	1
Prochlorococcus marinus	Capnocytophaga ochracea	0
Prochlorococcus marinus	Streptococcus mitis	0
Prochlorococcus marinus	Lacinutrix sp.	0
Prochlorococcus marinus	Glaciecola sp.	0
Prochlorococcus marinus	Ruminococcus gnavus	0
Prochlorococcus marinus	Idiomarina sp.	0
Prochlorococcus marinus	Mycobacterium leprae	0
Prochlorococcus marinus	Gramella forsetii	0
Prochlorococcus marinus	Flavobacteriaceae bacterium	0
Prochlorococcus marinus	Nitrosococcus halophilus	0
Prochlorococcus marinus	Cellulomonas flavigena	0
Prochlorococcus marinus	Borrelia valaisiana	0
Prochlorococcus marinus	Streptococcus infantis	0
Prochlorococcus marinus	Halothiobacillus neapolitanus	0
Prochlorococcus marinus	Cupriavidus metallidurans	0
Prochlorococcus marinus	Weissella koreensis	0
Prochlorococcus marinus	Aminomonas paucivorans	0
Prochlorococcus marinus	Novosphingobium aromaticivorans	1
Prochlorococcus marinus	Cylindrospermopsis raciborskii	0
Prochlorococcus marinus	Methylobacter tundripaludum	0
Prochlorococcus marinus	Muricauda ruestringensis	0
Prochlorococcus marinus	Mycoplasma hyorhinis	0
Prochlorococcus marinus	Campylobacter lari	0
Prochlorococcus marinus	Thioalkalivibrio sp.	0
Prochlorococcus marinus	Lactobacillus jensenii	0
Prochlorococcus marinus	Intrasporangium calvum	0
Prochlorococcus marinus	Leuconostoc mesenteroides	0
Prochlorococcus marinus	Xanthomonas oryzae	0
Prochlorococcus marinus	Shewanella woodyi	0
Prochlorococcus marinus	Geobacter metallireducens	0
Prochlorococcus marinus	Granulicella mallensis	0
Prochlorococcus marinus	Yersinia enterocolitica	0
Prochlorococcus marinus	Nocardioidaceae bacterium	0
Prochlorococcus marinus	Synechocystis sp.	7
Prochlorococcus marinus	Bacillus sp.	1
Prochlorococcus marinus	Bacteroides eggerthii	0
Prochlorococcus marinus	Brachyspira hyodysenteriae	0
Prochlorococcus marinus	Prochlorococcus marinus	84
Prochlorococcus marinus	Lactobacillus oris	0
Prochlorococcus marinus	Burkholderia ambifaria	0
Prochlorococcus marinus	Dorea longicatena	0
Prochlorococcus marinus	Coprococcus catus	0
Prochlorococcus marinus	Geobacter sp.	0
Prochlorococcus marinus	Streptomyces sp.	0
Prochlorococcus marinus	Providencia alcalifaciens	0
Prochlorococcus marinus	Pedobacter heparinus	0
Prochlorococcus marinus	Frankia sp.	0
Prochlorococcus marinus	Desulfotalea psychrophila	0
Prochlorococcus marinus	Neisseria bacilliformis	0
Prochlorococcus marinus	Desulfitobacterium hafniense	0
Prochlorococcus marinus	halophilic archaeon	0
Prochlorococcus marinus	Frankia alni	0
Prochlorococcus marinus	Natrialba magadii	0
Prochlorococcus marinus	Erwinia pyrifoliae	0
Prochlorococcus marinus	Escherichia albertii	0
Prochlorococcus marinus	Streptomyces avermitilis	0
Prochlorococcus marinus	Onion yellows	0
Prochlorococcus marinus	Corynebacterium accolens	0
Prochlorococcus marinus	Streptococcus anginosus	0
Prochlorococcus marinus	Vibrio caribbenthicus	0
Prochlorococcus marinus	Gluconacetobacter xylinus	0
Prochlorococcus marinus	Selenomonas flueggei	0
Prochlorococcus marinus	Desulfarculus baarsii	0
Prochlorococcus marinus	Deinococcus geothermalis	0
Prochlorococcus marinus	Jannaschia sp.	0
