Actinomyces sp.	Bacteroidetes oral	3.79678646177e-30
Bacteroides sp.	Clostridium sp.	2.5494996185e-47
Actinomyces sp.	Porphyromonas asaccharolytica	0.00895817979659
Actinomyces sp.	Porphyromonas gingivalis	7.2738973549e-17
Actinomyces sp.	Prevotella disiens	0.00949275803563
Clostridium difficile	Fusobacterium varium	0.00161978347524
Clostridium difficile	Klebsiella pneumoniae	2.70949225607e-15
Bacteroides sp.	Streptococcus pyogenes	3.39983567788e-08
Clostridium sp.	Proteus mirabilis	0.00319824051932
Enterobacter sp.	Propionibacterium acnes	0.00692788040133
Fusobacterium mortiferum	Clostridium difficile	3.41544429777e-05
Escherichia coli	Lactococcus lactis	1.89662423181e-156
Escherichia coli	Mycoplasma putrefaciens	1.0161350494e-182
Escherichia coli	Rhodobacteraceae bacterium	1.48787123469e-246
Escherichia coli	Streptomyces sp.	2.46810096954e-229
Klebsiella pneumoniae	Mycoplasma putrefaciens	2.64579698775e-12
Enterobacter cloacae	Lactococcus lactis	1.23492065059e-06
Enterobacter cloacae	Propionibacterium acnes	1.13976768418e-05
Lactobacillus acidophilus	Propionibacterium acnes	0.000127159875085
Porphyromonas gingivalis	Streptococcus pyogenes	4.35236924641e-16
Lactobacillus plantarum	Bacteroidetes oral	0.00470690028051
Lactobacillus plantarum	Porphyromonas gingivalis	0.000422644679098
Prevotella oris	Streptococcus mutans	0.000514720257344
Micrococcus luteus	Propionibacterium acnes	0.00227511530323
Streptococcus agalactiae	Bacteroides sp.	0.0011550885596
Mycobacterium smegmatis	Klebsiella pneumoniae	7.36731282582e-15
Pseudomonas putida	Lactococcus lactis	0.000858893738387
Salmonella enterica	Lactococcus lactis	1.53616143318e-25
Propionibacterium acnes	Bacillus cereus	0.000438173726246
Salmonella enterica	Propionibacterium acnes	1.87667019981e-30
Propionibacterium acnes	Klebsiella pneumoniae	1.18378091103e-18
Proteus mirabilis	Propionibacterium acnes	0.000399380193688
Streptococcus mutans	Bacteroidetes oral	2.9028603659e-17
Streptococcus mutans	Porphyromonas endodontalis	0.000429366872058
Streptococcus mutans	Porphyromonas gingivalis	4.23497978461e-32
Yersinia enterocolitica	Propionibacterium acnes	0.000378422685156
Streptococcus sp.	Bacteroides sp.	5.20317399951e-62
Staphylococcus epidermidis	Clostridium sp.	4.67784094145e-09
Tannerella forsythia	Streptococcus mutans	0.000282426418285
